<?xml version="1.0" encoding="UTF-8"?>
<coverage generated="1706121939618" clover="3.2.0">
  <project timestamp="1706121939619" name="All files">
    <metrics statements="46" coveredstatements="21" conditionals="6" coveredconditionals="2" methods="11" coveredmethods="8" elements="63" coveredelements="31" complexity="0" loc="46" ncloc="46" packages="1" files="1" classes="1"/>
    <file name="parkingSpot.ts" path="/home/leonard/Desktop/FH/Web Engineering/Frontend-App/Cat-Rating/src/scripts/parkingSpot.ts">
      <metrics statements="46" coveredstatements="21" conditionals="6" coveredconditionals="2" methods="11" coveredmethods="8"/>
      <line num="15" count="415" type="stmt"/>
      <line num="16" count="415" type="stmt"/>
      <line num="17" count="415" type="stmt"/>
      <line num="18" count="415" type="stmt"/>
      <line num="23" count="2" type="stmt"/>
      <line num="27" count="2" type="stmt"/>
      <line num="31" count="2" type="stmt"/>
      <line num="35" count="1" type="stmt"/>
      <line num="47" count="1" type="stmt"/>
      <line num="50" count="1" type="stmt"/>
      <line num="51" count="1" type="stmt"/>
      <line num="54" count="1" type="stmt"/>
      <line num="55" count="413" type="stmt"/>
      <line num="56" count="413" type="cond" truecount="2" falsecount="0"/>
      <line num="57" count="157" type="stmt"/>
      <line num="60" count="413" type="stmt"/>
      <line num="67" count="1" type="stmt"/>
      <line num="71" count="0" type="stmt"/>
      <line num="75" count="4" type="stmt"/>
      <line num="83" count="0" type="stmt"/>
      <line num="86" count="0" type="stmt"/>
      <line num="88" count="0" type="stmt"/>
      <line num="90" count="0" type="stmt"/>
      <line num="91" count="0" type="stmt"/>
      <line num="93" count="0" type="stmt"/>
      <line num="94" count="0" type="stmt"/>
      <line num="95" count="0" type="stmt"/>
      <line num="97" count="0" type="stmt"/>
      <line num="98" count="0" type="stmt"/>
      <line num="99" count="0" type="stmt"/>
      <line num="101" count="0" type="stmt"/>
      <line num="102" count="0" type="stmt"/>
      <line num="103" count="0" type="stmt"/>
      <line num="105" count="0" type="stmt"/>
      <line num="106" count="0" type="stmt"/>
      <line num="107" count="0" type="stmt"/>
      <line num="108" count="0" type="stmt"/>
      <line num="114" count="0" type="stmt"/>
      <line num="117" count="1" type="stmt"/>
      <line num="119" count="1" type="stmt"/>
      <line num="121" count="0" type="cond" truecount="0" falsecount="2"/>
      <line num="122" count="0" type="stmt"/>
      <line num="123" count="0" type="stmt"/>
      <line num="128" count="0" type="cond" truecount="0" falsecount="2"/>
      <line num="129" count="0" type="stmt"/>
      <line num="133" count="1" type="stmt"/>
    </file>
  </project>
</coverage>
