{"/home/leonard/Desktop/FH/Web Engineering/Frontend-App/Cat-Rating/src/scripts/parkingSpot.ts": {"path":"/home/leonard/Desktop/FH/Web Engineering/Frontend-App/Cat-Rating/src/scripts/parkingSpot.ts","statementMap":{"0":{"start":{"line":13,"column":8},"end":{"line":13,"column":35}},"1":{"start":{"line":14,"column":8},"end":{"line":14,"column":33}},"2":{"start":{"line":15,"column":8},"end":{"line":15,"column":31}},"3":{"start":{"line":16,"column":8},"end":{"line":16,"column":43}},"4":{"start":{"line":21,"column":8},"end":{"line":21,"column":30}},"5":{"start":{"line":25,"column":8},"end":{"line":25,"column":29}},"6":{"start":{"line":29,"column":8},"end":{"line":29,"column":28}},"7":{"start":{"line":33,"column":8},"end":{"line":33,"column":34}},"8":{"start":{"line":45,"column":12},"end":{"line":45,"column":57}},"9":{"start":{"line":48,"column":12},"end":{"line":48,"column":61}},"10":{"start":{"line":49,"column":12},"end":{"line":49,"column":56}},"11":{"start":{"line":52,"column":12},"end":{"line":60,"column":13}},"12":{"start":{"line":52,"column":29},"end":{"line":52,"column":30}},"13":{"start":{"line":53,"column":26},"end":{"line":53,"column":27}},"14":{"start":{"line":54,"column":16},"end":{"line":56,"column":17}},"15":{"start":{"line":55,"column":20},"end":{"line":55,"column":82}},"16":{"start":{"line":58,"column":16},"end":{"line":58,"column":222}},"17":{"start":{"line":65,"column":8},"end":{"line":65,"column":31}},"18":{"start":{"line":69,"column":8},"end":{"line":69,"column":30}},"19":{"start":{"line":73,"column":8},"end":{"line":73,"column":33}},"20":{"start":{"line":81,"column":18},"end":{"line":81,"column":36}},"21":{"start":{"line":84,"column":4},"end":{"line":100,"column":5}},"22":{"start":{"line":84,"column":14},"end":{"line":84,"column":15}},"23":{"start":{"line":86,"column":26},"end":{"line":86,"column":77}},"24":{"start":{"line":88,"column":27},"end":{"line":88,"column":56}},"25":{"start":{"line":90,"column":31},"end":{"line":90,"column":59}},"26":{"start":{"line":91,"column":8},"end":{"line":91,"column":66}},"27":{"start":{"line":93,"column":35},"end":{"line":93,"column":62}},"28":{"start":{"line":94,"column":8},"end":{"line":94,"column":136}},"29":{"start":{"line":96,"column":8},"end":{"line":96,"column":47}},"30":{"start":{"line":97,"column":8},"end":{"line":97,"column":51}},"31":{"start":{"line":98,"column":8},"end":{"line":98,"column":42}},"32":{"start":{"line":104,"column":4},"end":{"line":104,"column":39}},"33":{"start":{"line":107,"column":0},"end":{"line":122,"column":1}},"34":{"start":{"line":108,"column":4},"end":{"line":111,"column":5}},"35":{"start":{"line":109,"column":31},"end":{"line":109,"column":91}},"36":{"start":{"line":110,"column":8},"end":{"line":110,"column":58}},"37":{"start":{"line":115,"column":4},"end":{"line":117,"column":5}},"38":{"start":{"line":116,"column":8},"end":{"line":116,"column":22}},"39":{"start":{"line":120,"column":4},"end":{"line":120,"column":27}}},"fnMap":{"0":{"name":"(anonymous_0)","decl":{"start":{"line":11,"column":4},"end":{"line":11,"column":5}},"loc":{"start":{"line":11,"column":92},"end":{"line":18,"column":5}},"line":11},"1":{"name":"(anonymous_1)","decl":{"start":{"line":20,"column":4},"end":{"line":20,"column":5}},"loc":{"start":{"line":20,"column":18},"end":{"line":22,"column":5}},"line":20},"2":{"name":"(anonymous_2)","decl":{"start":{"line":24,"column":4},"end":{"line":24,"column":5}},"loc":{"start":{"line":24,"column":17},"end":{"line":26,"column":5}},"line":24},"3":{"name":"(anonymous_3)","decl":{"start":{"line":28,"column":4},"end":{"line":28,"column":5}},"loc":{"start":{"line":28,"column":16},"end":{"line":30,"column":5}},"line":28},"4":{"name":"(anonymous_4)","decl":{"start":{"line":32,"column":4},"end":{"line":32,"column":5}},"loc":{"start":{"line":32,"column":22},"end":{"line":34,"column":5}},"line":32},"5":{"name":"(anonymous_5)","decl":{"start":{"line":43,"column":4},"end":{"line":43,"column":5}},"loc":{"start":{"line":43,"column":17},"end":{"line":62,"column":5}},"line":43},"6":{"name":"(anonymous_6)","decl":{"start":{"line":64,"column":4},"end":{"line":64,"column":5}},"loc":{"start":{"line":64,"column":19},"end":{"line":66,"column":5}},"line":64},"7":{"name":"(anonymous_7)","decl":{"start":{"line":68,"column":4},"end":{"line":68,"column":5}},"loc":{"start":{"line":68,"column":18},"end":{"line":70,"column":5}},"line":68},"8":{"name":"(anonymous_8)","decl":{"start":{"line":72,"column":4},"end":{"line":72,"column":5}},"loc":{"start":{"line":72,"column":26},"end":{"line":74,"column":5}},"line":72},"9":{"name":"listParkings","decl":{"start":{"line":79,"column":9},"end":{"line":79,"column":21}},"loc":{"start":{"line":79,"column":23},"end":{"line":101,"column":1}},"line":79},"10":{"name":"backHome","decl":{"start":{"line":103,"column":9},"end":{"line":103,"column":17}},"loc":{"start":{"line":103,"column":19},"end":{"line":105,"column":1}},"line":103}},"branchMap":{"0":{"loc":{"start":{"line":54,"column":16},"end":{"line":56,"column":17}},"type":"if","locations":[{"start":{"line":54,"column":16},"end":{"line":56,"column":17}},{"start":{},"end":{}}],"line":54},"1":{"loc":{"start":{"line":108,"column":4},"end":{"line":111,"column":5}},"type":"if","locations":[{"start":{"line":108,"column":4},"end":{"line":111,"column":5}},{"start":{},"end":{}}],"line":108},"2":{"loc":{"start":{"line":115,"column":4},"end":{"line":117,"column":5}},"type":"if","locations":[{"start":{"line":115,"column":4},"end":{"line":117,"column":5}},{"start":{},"end":{}}],"line":115}},"s":{"0":415,"1":415,"2":415,"3":415,"4":2,"5":2,"6":2,"7":1,"8":1,"9":1,"10":1,"11":1,"12":1,"13":413,"14":413,"15":157,"16":413,"17":1,"18":0,"19":4,"20":0,"21":0,"22":0,"23":0,"24":0,"25":0,"26":0,"27":0,"28":0,"29":0,"30":0,"31":0,"32":0,"33":1,"34":1,"35":0,"36":0,"37":0,"38":0,"39":1},"f":{"0":415,"1":2,"2":2,"3":2,"4":1,"5":1,"6":1,"7":0,"8":4,"9":0,"10":0},"b":{"0":[157,256],"1":[0,0],"2":[0,0]},"_coverageSchema":"1a1c01bbd47fc00a2c39e90264f33305004495a9","hash":"964adef850fc9d17fd5f9d816b820203f77738de"}
}
