{"/home/leonard/Desktop/FH/Web Engineering/Frontend-App/Cat-Rating/src/scripts/cart.ts": {"path":"/home/leonard/Desktop/FH/Web Engineering/Frontend-App/Cat-Rating/src/scripts/cart.ts","statementMap":{"0":{"start":{"line":6,"column":7},"end":{"line":6,"column":23}},"1":{"start":{"line":10,"column":7},"end":{"line":10,"column":29}},"2":{"start":{"line":14,"column":29},"end":{"line":14,"column":67}},"3":{"start":{"line":14,"column":55},"end":{"line":14,"column":66}},"4":{"start":{"line":15,"column":7},"end":{"line":15,"column":34}}},"fnMap":{"0":{"name":"(anonymous_0)","decl":{"start":{"line":5,"column":4},"end":{"line":5,"column":5}},"loc":{"start":{"line":5,"column":18},"end":{"line":7,"column":5}},"line":5},"1":{"name":"(anonymous_1)","decl":{"start":{"line":9,"column":4},"end":{"line":9,"column":5}},"loc":{"start":{"line":9,"column":28},"end":{"line":11,"column":5}},"line":9},"2":{"name":"(anonymous_2)","decl":{"start":{"line":13,"column":4},"end":{"line":13,"column":5}},"loc":{"start":{"line":13,"column":33},"end":{"line":16,"column":5}},"line":13},"3":{"name":"(anonymous_3)","decl":{"start":{"line":14,"column":47},"end":{"line":14,"column":48}},"loc":{"start":{"line":14,"column":55},"end":{"line":14,"column":66}},"line":14}},"branchMap":{},"s":{"0":1,"1":1,"2":0,"3":0,"4":0},"f":{"0":1,"1":1,"2":0,"3":0},"b":{},"_coverageSchema":"1a1c01bbd47fc00a2c39e90264f33305004495a9","hash":"224d102a8dd6ca7ceb5dc0d1de65ea1aa726c7c0"}
,"/home/leonard/Desktop/FH/Web Engineering/Frontend-App/Cat-Rating/src/scripts/rating.ts": {"path":"/home/leonard/Desktop/FH/Web Engineering/Frontend-App/Cat-Rating/src/scripts/rating.ts","statementMap":{"0":{"start":{"line":8,"column":7},"end":{"line":8,"column":20}},"1":{"start":{"line":9,"column":7},"end":{"line":9,"column":23}},"2":{"start":{"line":10,"column":7},"end":{"line":10,"column":26}},"3":{"start":{"line":11,"column":7},"end":{"line":11,"column":24}},"4":{"start":{"line":15,"column":8},"end":{"line":15,"column":23}},"5":{"start":{"line":19,"column":8},"end":{"line":19,"column":25}},"6":{"start":{"line":23,"column":8},"end":{"line":23,"column":27}},"7":{"start":{"line":27,"column":8},"end":{"line":27,"column":26}},"8":{"start":{"line":38,"column":7},"end":{"line":38,"column":25}},"9":{"start":{"line":42,"column":7},"end":{"line":42,"column":33}},"10":{"start":{"line":46,"column":29},"end":{"line":46,"column":75}},"11":{"start":{"line":46,"column":57},"end":{"line":46,"column":74}},"12":{"start":{"line":47,"column":7},"end":{"line":47,"column":36}}},"fnMap":{"0":{"name":"(anonymous_0)","decl":{"start":{"line":7,"column":4},"end":{"line":7,"column":5}},"loc":{"start":{"line":7,"column":77},"end":{"line":12,"column":5}},"line":7},"1":{"name":"(anonymous_1)","decl":{"start":{"line":14,"column":4},"end":{"line":14,"column":5}},"loc":{"start":{"line":14,"column":11},"end":{"line":16,"column":5}},"line":14},"2":{"name":"(anonymous_2)","decl":{"start":{"line":18,"column":4},"end":{"line":18,"column":5}},"loc":{"start":{"line":18,"column":13},"end":{"line":20,"column":5}},"line":18},"3":{"name":"(anonymous_3)","decl":{"start":{"line":22,"column":4},"end":{"line":22,"column":5}},"loc":{"start":{"line":22,"column":15},"end":{"line":24,"column":5}},"line":22},"4":{"name":"(anonymous_4)","decl":{"start":{"line":26,"column":4},"end":{"line":26,"column":5}},"loc":{"start":{"line":26,"column":14},"end":{"line":28,"column":5}},"line":26},"5":{"name":"(anonymous_5)","decl":{"start":{"line":37,"column":4},"end":{"line":37,"column":5}},"loc":{"start":{"line":37,"column":18},"end":{"line":39,"column":5}},"line":37},"6":{"name":"(anonymous_6)","decl":{"start":{"line":41,"column":4},"end":{"line":41,"column":5}},"loc":{"start":{"line":41,"column":30},"end":{"line":43,"column":5}},"line":41},"7":{"name":"(anonymous_7)","decl":{"start":{"line":45,"column":4},"end":{"line":45,"column":5}},"loc":{"start":{"line":45,"column":31},"end":{"line":48,"column":5}},"line":45},"8":{"name":"(anonymous_8)","decl":{"start":{"line":46,"column":49},"end":{"line":46,"column":50}},"loc":{"start":{"line":46,"column":57},"end":{"line":46,"column":74}},"line":46}},"branchMap":{},"s":{"0":2,"1":2,"2":2,"3":2,"4":2,"5":1,"6":1,"7":1,"8":1,"9":1,"10":0,"11":0,"12":0},"f":{"0":2,"1":2,"2":1,"3":1,"4":1,"5":1,"6":1,"7":0,"8":0},"b":{},"_coverageSchema":"1a1c01bbd47fc00a2c39e90264f33305004495a9","hash":"78be66e951d871958b23590974d18e0aac84c587"}
}
