TN:
SF:src/scripts/parkingSpot.ts
FN:11,(anonymous_0)
FN:20,(anonymous_1)
FN:24,(anonymous_2)
FN:28,(anonymous_3)
FN:32,(anonymous_4)
FN:43,(anonymous_5)
FN:64,(anonymous_6)
FN:68,(anonymous_7)
FN:72,(anonymous_8)
FN:79,listParkings
FN:103,backHome
FNF:11
FNH:8
FNDA:415,(anonymous_0)
FNDA:2,(anonymous_1)
FNDA:2,(anonymous_2)
FNDA:2,(anonymous_3)
FNDA:1,(anonymous_4)
FNDA:1,(anonymous_5)
FNDA:1,(anonymous_6)
FNDA:0,(anonymous_7)
FNDA:4,(anonymous_8)
FNDA:0,listParkings
FNDA:0,backHome
DA:13,415
DA:14,415
DA:15,415
DA:16,415
DA:21,2
DA:25,2
DA:29,2
DA:33,1
DA:45,1
DA:48,1
DA:49,1
DA:52,1
DA:53,413
DA:54,413
DA:55,157
DA:58,413
DA:65,1
DA:69,0
DA:73,4
DA:81,0
DA:84,0
DA:86,0
DA:88,0
DA:90,0
DA:91,0
DA:93,0
DA:94,0
DA:96,0
DA:97,0
DA:98,0
DA:104,0
DA:107,1
DA:108,1
DA:109,0
DA:110,0
DA:115,0
DA:116,0
DA:120,1
LF:38
LH:21
BRDA:54,0,0,157
BRDA:54,0,1,256
BRDA:108,1,0,0
BRDA:108,1,1,0
BRDA:115,2,0,0
BRDA:115,2,1,0
BRF:6
BRH:2
end_of_record
