TN:
SF:src/scripts/parkingSpot.ts
FN:13,(anonymous_0)
FN:22,(anonymous_1)
FN:26,(anonymous_2)
FN:30,(anonymous_3)
FN:34,(anonymous_4)
FN:45,(anonymous_5)
FN:66,(anonymous_6)
FN:70,(anonymous_7)
FN:74,(anonymous_8)
FN:81,listParkings
FN:113,backHome
FNF:11
FNH:8
FNDA:415,(anonymous_0)
FNDA:2,(anonymous_1)
FNDA:2,(anonymous_2)
FNDA:2,(anonymous_3)
FNDA:1,(anonymous_4)
FNDA:1,(anonymous_5)
FNDA:1,(anonymous_6)
FNDA:0,(anonymous_7)
FNDA:4,(anonymous_8)
FNDA:0,listParkings
FNDA:0,backHome
DA:15,415
DA:16,415
DA:17,415
DA:18,415
DA:23,2
DA:27,2
DA:31,2
DA:35,1
DA:47,1
DA:50,1
DA:51,1
DA:54,1
DA:55,413
DA:56,413
DA:57,157
DA:60,413
DA:67,1
DA:71,0
DA:75,4
DA:83,0
DA:86,0
DA:88,0
DA:90,0
DA:91,0
DA:93,0
DA:94,0
DA:95,0
DA:97,0
DA:98,0
DA:99,0
DA:101,0
DA:102,0
DA:103,0
DA:105,0
DA:106,0
DA:107,0
DA:108,0
DA:114,0
DA:117,1
DA:119,1
DA:121,0
DA:122,0
DA:123,0
DA:128,0
DA:129,0
DA:133,1
LF:46
LH:21
BRDA:56,0,0,157
BRDA:56,0,1,256
BRDA:121,1,0,0
BRDA:121,1,1,0
BRDA:128,2,0,0
BRDA:128,2,1,0
BRF:6
BRH:2
end_of_record
